<?xml version="1.0" encoding="UTF-8"?>
<testng-results ignored="0" total="2" passed="2" failed="0" skipped="0">
  <reporter-output>
  </reporter-output>
  <suite started-at="2022-02-01T16:22:21Z" name="Default suite" finished-at="2022-02-01T16:22:21Z" duration-ms="191">
    <groups>
    </groups>
    <test started-at="2022-02-01T16:22:21Z" name="Default test" finished-at="2022-02-01T16:22:21Z" duration-ms="191">
      <class name="comcast_creatContactTest.CrtConTest">
        <test-method signature="crtContactTest()[pri:0, instance:comcast_creatContactTest.CrtConTest@5c669da8]" started-at="2022-02-01T16:22:21Z" name="crtContactTest" finished-at="2022-02-01T16:22:21Z" duration-ms="57" status="PASS">
          <reporter-output>
          </reporter-output>
        </test-method> <!-- crtContactTest -->
        <test-method signature="modifyContactTest()[pri:0, instance:comcast_creatContactTest.CrtConTest@5c669da8]" started-at="2022-02-01T16:22:21Z" name="modifyContactTest" finished-at="2022-02-01T16:22:21Z" duration-ms="6" status="PASS">
          <reporter-output>
          </reporter-output>
        </test-method> <!-- modifyContactTest -->
      </class> <!-- comcast_creatContactTest.CrtConTest -->
    </test> <!-- Default test -->
  </suite> <!-- Default suite -->
</testng-results>
